12:33:34 **** Incremental Build of configuration Debug for project 07_2_RTOS_stm32f0Discovery ****
make -j8 all 
arm-none-eabi-gcc -o "07_2_RTOS_stm32f0Discovery.elf" @"objects.list"   -mcpu=cortex-m0 -T"C:\Users\158184\STM32CubeIDE\workspace_1.7.0\07_RTOS_stm32f0Discovery\STM32F051R8TX_FLASH.ld" --specs=nosys.specs -Wl,-Map="07_2_RTOS_stm32f0Discovery.map" -Wl,--gc-sections -static --specs=nano.specs -mfloat-abi=soft -mthumb -Wl,--start-group -lc -lm -Wl,--end-group
c:\st\stm32cubeide_1.7.0\stm32cubeide\plugins\com.st.stm32cube.ide.mcu.externaltools.gnu-tools-for-stm32.9-2020-q2-update.win32_2.0.0.202105311346\tools\arm-none-eabi\bin\ld.exe: 07_2_RTOS_stm32f0Discovery.elf section `._user_heap_stack' will not fit in region `RAM'
c:\st\stm32cubeide_1.7.0\stm32cubeide\plugins\com.st.stm32cube.ide.mcu.externaltools.gnu-tools-for-stm32.9-2020-q2-update.win32_2.0.0.202105311346\tools\arm-none-eabi\bin\ld.exe: region `RAM' overflowed by 312 bytes
collect2.exe: error: ld returned 1 exit status
make: *** [makefile:68: 07_2_RTOS_stm32f0Discovery.elf] Error 1
"make -j8 all" terminated with exit code 2. Build might be incomplete.

12:33:34 Build Failed. 3 errors, 0 warnings. (took 539ms)

